<?xml version="1.0" encoding="UTF-8"?>
<!-- Generated by org.testng.reporters.JUnitReportReporter -->
<testsuite hostname="DESKTOP-EBG4U9O" failures="0" tests="1" name="TestNGExeceution.zomato" time="4.194" errors="0" timestamp="2024-11-19T12:51:46 IST" skipped="0">
  <testcase classname="TestNGExeceution.zomato" name="zomatolaunch" time="4.194"/>
  <system-out>
    <![CDATA[zomato page]]>
  </system-out>
</testsuite> <!-- TestNGExeceution.zomato -->
