<?xml version="1.0" encoding="UTF-8"?>
<!-- Generated by org.testng.reporters.JUnitReportReporter -->
<testsuite hostname="DESKTOP-EBG4U9O" failures="0" tests="1" name="TestNGExeceution.blinkIt" time="4.526" errors="0" timestamp="2024-11-19T12:51:46 IST" skipped="0">
  <testcase classname="TestNGExeceution.blinkIt" name="blikITlaunch" time="4.526"/>
  <system-out>
    <![CDATA[blinkIt page]]>
  </system-out>
</testsuite> <!-- TestNGExeceution.blinkIt -->
