<?xml version="1.0" encoding="UTF-8"?>
<!-- Generated by org.testng.reporters.JUnitReportReporter -->
<testsuite hostname="DESKTOP-EBG4U9O" failures="0" tests="1" name="TestNGExeceution.KFC" time="2.579" errors="0" timestamp="2024-11-19T12:51:46 IST" skipped="0">
  <testcase classname="TestNGExeceution.KFC" name="kfclaunch" time="2.579"/>
  <system-out>
    <![CDATA[KFC page]]>
  </system-out>
</testsuite> <!-- TestNGExeceution.KFC -->
