<?xml version="1.0" encoding="UTF-8"?>
<!-- Generated by org.testng.reporters.JUnitReportReporter -->
<testsuite hostname="DESKTOP-EBG4U9O" failures="0" tests="1" name="TestNg.ChronolgyOrders" time="0.008" errors="0" timestamp="2024-11-19T13:35:16 IST" skipped="0">
  <testcase classname="TestNg.ChronolgyOrders" name="MainMethod" time="0.008"/>
  <system-out>
    <![CDATA[main method]]>
  </system-out>
</testsuite> <!-- TestNg.ChronolgyOrders -->
