<?xml version="1.0" encoding="UTF-8"?>
<!-- Generated by org.testng.reporters.JUnitReportReporter -->
<testsuite hostname="DESKTOP-EBG4U9O" failures="0" tests="4" name="TestNg.BasicsOfTestNg" time="5.677" errors="0" timestamp="2024-11-18T13:33:09 IST" skipped="3">
  <testcase classname="TestNg.BasicsOfTestNg" name="Olafoods" time="5.677"/>
  <system-out>
    <![CDATA[ola is launched]]>
  </system-out>
  <testcase classname="TestNg.BasicsOfTestNg" name="Dominos">
    <skipped/>
  </testcase> <!-- Dominos -->
  <system-out/>
  <testcase classname="TestNg.BasicsOfTestNg" name="Swiggy">
    <skipped/>
  </testcase> <!-- Swiggy -->
  <system-out/>
  <testcase classname="TestNg.BasicsOfTestNg" name="Zomato">
    <skipped/>
  </testcase> <!-- Zomato -->
  <system-out/>
</testsuite> <!-- TestNg.BasicsOfTestNg -->
