<?xml version="1.0" encoding="UTF-8"?>
<!-- Generated by org.testng.reporters.JUnitReportReporter -->
<testsuite hostname="DESKTOP-EBG4U9O" failures="0" tests="4" name="TestNg.DataProvidermethods" time="15.655" errors="0" timestamp="2024-11-18T13:48:05 IST" skipped="0">
  <testcase classname="TestNg.DataProvidermethods" name="senddata" time="4.666"/>
  <system-out/>
  <testcase classname="TestNg.DataProvidermethods" name="senddata" time="3.467"/>
  <system-out/>
  <testcase classname="TestNg.DataProvidermethods" name="senddata" time="3.714"/>
  <system-out/>
  <testcase classname="TestNg.DataProvidermethods" name="senddata" time="3.808"/>
  <system-out/>
</testsuite> <!-- TestNg.DataProvidermethods -->
