<?xml version="1.0" encoding="UTF-8"?>
<!-- Generated by org.testng.reporters.JUnitReportReporter -->
<testsuite hostname="DESKTOP-EBG4U9O" failures="0" tests="1" name="TestNGExeceution.foodPanda" time="7.293" errors="0" timestamp="2024-11-19T12:20:10 IST" skipped="0">
  <testcase classname="TestNGExeceution.foodPanda" name="FoodPandalaunch" time="7.293"/>
  <system-out>
    <![CDATA[FoodPanda page]]>
  </system-out>
</testsuite> <!-- TestNGExeceution.foodPanda -->
